[Sun May 17 2015 21:22:34 GMT-0400 (EDT)] /login
Error: no open connections
    at Db._executeQueryCommand (/Users/birui/github/myBlog/node_modules/connect-mongo/node_modules/mongodb/lib/mongodb/db.js:1802:21)
    at Cursor.nextObject (/Users/birui/github/myBlog/node_modules/connect-mongo/node_modules/mongodb/lib/mongodb/cursor.js:729:13)
    at Cursor.nextObject (/Users/birui/github/myBlog/node_modules/connect-mongo/node_modules/mongodb/lib/mongodb/scope.js:22:20)
    at Collection.findOne (/Users/birui/github/myBlog/node_modules/connect-mongo/node_modules/mongodb/lib/mongodb/collection/query.js:145:10)
    at /Users/birui/github/myBlog/node_modules/connect-mongo/lib/connect-mongo.js:214:18
    at MongoStore._get_collection (/Users/birui/github/myBlog/node_modules/connect-mongo/lib/connect-mongo.js:148:21)
    at MongoStore.get (/Users/birui/github/myBlog/node_modules/connect-mongo/lib/connect-mongo.js:213:10)
    at session (/Users/birui/github/myBlog/node_modules/express-session/index.js:356:11)
    at Layer.handle [as handle_request] (/Users/birui/github/myBlog/node_modules/express/lib/router/layer.js:82:5)
    at trim_prefix (/Users/birui/github/myBlog/node_modules/express/lib/router/index.js:270:13)
[Sun May 17 2015 21:22:36 GMT-0400 (EDT)] /login
Error: no open connections
    at Db._executeQueryCommand (/Users/birui/github/myBlog/node_modules/connect-mongo/node_modules/mongodb/lib/mongodb/db.js:1802:21)
    at Cursor.nextObject (/Users/birui/github/myBlog/node_modules/connect-mongo/node_modules/mongodb/lib/mongodb/cursor.js:729:13)
    at Cursor.nextObject (/Users/birui/github/myBlog/node_modules/connect-mongo/node_modules/mongodb/lib/mongodb/scope.js:22:20)
    at Collection.findOne (/Users/birui/github/myBlog/node_modules/connect-mongo/node_modules/mongodb/lib/mongodb/collection/query.js:145:10)
    at /Users/birui/github/myBlog/node_modules/connect-mongo/lib/connect-mongo.js:214:18
    at MongoStore._get_collection (/Users/birui/github/myBlog/node_modules/connect-mongo/lib/connect-mongo.js:148:21)
    at MongoStore.get (/Users/birui/github/myBlog/node_modules/connect-mongo/lib/connect-mongo.js:213:10)
    at session (/Users/birui/github/myBlog/node_modules/express-session/index.js:356:11)
    at Layer.handle [as handle_request] (/Users/birui/github/myBlog/node_modules/express/lib/router/layer.js:82:5)
    at trim_prefix (/Users/birui/github/myBlog/node_modules/express/lib/router/index.js:270:13)
[Sun May 17 2015 21:22:42 GMT-0400 (EDT)] /
Error: no open connections
    at Db._executeQueryCommand (/Users/birui/github/myBlog/node_modules/connect-mongo/node_modules/mongodb/lib/mongodb/db.js:1802:21)
    at Cursor.nextObject (/Users/birui/github/myBlog/node_modules/connect-mongo/node_modules/mongodb/lib/mongodb/cursor.js:729:13)
    at Cursor.nextObject (/Users/birui/github/myBlog/node_modules/connect-mongo/node_modules/mongodb/lib/mongodb/scope.js:22:20)
    at Collection.findOne (/Users/birui/github/myBlog/node_modules/connect-mongo/node_modules/mongodb/lib/mongodb/collection/query.js:145:10)
    at /Users/birui/github/myBlog/node_modules/connect-mongo/lib/connect-mongo.js:214:18
    at MongoStore._get_collection (/Users/birui/github/myBlog/node_modules/connect-mongo/lib/connect-mongo.js:148:21)
    at MongoStore.get (/Users/birui/github/myBlog/node_modules/connect-mongo/lib/connect-mongo.js:213:10)
    at session (/Users/birui/github/myBlog/node_modules/express-session/index.js:356:11)
    at Layer.handle [as handle_request] (/Users/birui/github/myBlog/node_modules/express/lib/router/layer.js:82:5)
    at trim_prefix (/Users/birui/github/myBlog/node_modules/express/lib/router/index.js:270:13)
